
ROM used: 296 (4%)
          296 (4%) including unused fragments

          1 Average locations per line
          5 Average locations per statement

RAM used: 25 (7%) at main() level
          27 (7%) worst case

Stack used: 3 worst case (out of 8 total available)

Lines Stmts  %   Files
----- ----- ---  -----
  134    62 100  contador.c
  282     0   0  ..\..\..\..\Program Files (x86)\PICC\devices\16f877.h
----- -----
  416    62 Total

Page ROM  %  RAM   Vol Diff  Functions:
---- --- --- ---   --- ----  ----------
0     67  23   1   528  3.3  binari
0     14   5   0             @goto10042
0     23   8   0   138  3.8  RTCC_isr
0    120  41   7  1089  6.8  MAIN
0     21   7   3             @DIV88

Program metrics:
    Functions               3
    Statements              62
    Comments                90
    Volume (V)              2162
    Difficilty (D)          14.1
    Effort to implement (E) 30402
    Time to implement (T)   28 minutes
    Est Delivered Bugs (B)  0
    Cyclomatic Complexity   20
    Maintainability (MI)    127

 Segment     Used  Free
-----------  ----  ----
00000-00003     4  0  
00004-00032    47  0  
00033-007FF   245  1752  
00800-00FFF     0  2048  
01000-017FF     0  2048  
01800-01FFF     0  2048  



