
ROM used: 79 (1%)
          79 (1%) including unused fragments

          0 Average locations per line
          5 Average locations per statement

RAM used: 9 (2%) at main() level
          9 (2%) worst case

Stack used: 1 worst case (out of 8 total available)

Lines Stmts  %   Files
----- ----- ---  -----
   29    17 100  cotxe_fantastic.c
  282     0   0  ..\..\..\..\Program Files (x86)\PICC\devices\16F877.h
----- -----
  311    17 Total

Page ROM  %  RAM   Vol Diff  Functions:
---- --- --- ---   --- ----  ----------
0     23  29   1             @delay_ms1
0     52  66   3   472  4.4  main

Program metrics:
    Functions               1
    Statements              17
    Comments                70
    Volume (V)              474
    Difficilty (D)          4.3
    Effort to implement (E) 2029
    Time to implement (T)   2 minutes
    Est Delivered Bugs (B)  0
    Cyclomatic Complexity   5
    Maintainability (MI)    111

 Segment     Used  Free
-----------  ----  ----
00000-00003     4  0  
00004-007FF    75  1969  
00800-00FFF     0  2048  
01000-017FF     0  2048  
01800-01FFF     0  2048  



