
ROM used: 237 (3%)
          237 (3%) including unused fragments

          0 Average locations per line
          1 Average locations per statement

RAM used: 19 (5%) at main() level
          19 (5%) worst case

Stack used: 1 worst case (out of 8 total available)

Lines Stmts  %   Files
----- ----- ---  -----
  108    50  29  motor.c
  282     0   0  ..\..\..\..\Program Files (x86)\PICC\devices\16f877.h
   37     0   0  ..\..\..\..\Program Files (x86)\PICC\drivers\stdio.h
  409   121  71  ..\..\..\..\Program Files (x86)\PICC\drivers\string.h
   28     0   0  ..\..\..\..\Program Files (x86)\PICC\drivers\stddef.h
   28     0   0  ..\..\..\..\Program Files (x86)\PICC\drivers\ctype.h
----- -----
  892   171 Total

Page ROM  %  RAM   Vol Diff  Functions:
---- --- --- ---   --- ----  ----------
0    102  43   0   794  3.8  isr_timer1
0     35  15   0   245  4.0  serial_isr
0     38  16   0   130  2.6  MAIN

Program metrics:
    Functions               3
    Statements              171
    Comments                267
    Volume (V)              1456
    Difficilty (D)          10.7
    Effort to implement (E) 15550
    Time to implement (T)   14 minutes
    Est Delivered Bugs (B)  0
    Cyclomatic Complexity   14
    Maintainability (MI)    117

 Segment     Used  Free
-----------  ----  ----
00000-00003     4  0  
00004-0003D    58  0  
0003E-007FF   175  1811  
00800-00FFF     0  2048  
01000-017FF     0  2048  
01800-01FFF     0  2048  



