CCS PCM C Compiler, Version 4.088, 5967               04-jul-16 11:11

               Filename: C:\Users\Administrator\Desktop\Ignasi i Bernat i Andreu\projecte1.lst

               ROM used: 33 words (0%)
                         Largest free fragment is 2048
               RAM used: 7 (2%) at main() level
                         7 (2%) worst case
               Stack:    0 locations

*
0000:  MOVLW  00
0001:  MOVWF  0A
0002:  GOTO   004
0003:  NOP
.................... #include <16F877.h> 
.................... //////// Standard Header file for the PIC16F877 device //////////////// 
.................... #device PIC16F877 
.................... #list 
....................  
.................... #fuses HS,NOWDT,NOPROTECT,NOLVP 
.................... #use delay(clock=4000000) 
....................  
.................... void main(void) 
.................... { 
0004:  CLRF   04
0005:  BCF    03.7
0006:  MOVLW  1F
0007:  ANDWF  03,F
0008:  BSF    03.5
0009:  BSF    1F.0
000A:  BSF    1F.1
000B:  BSF    1F.2
000C:  BCF    1F.3
.................... byte x=0; 
000D:  BCF    03.5
000E:  CLRF   21
.................... set_tris_d(0xff); 
000F:  MOVLW  FF
0010:  BSF    03.5
0011:  MOVWF  08
.................... set_tris_b(0x00); 
0012:  MOVLW  00
0013:  MOVWF  06
....................  
.................... while(1) 
.................... { 
....................    x=input_d(); 
0014:  MOVLW  FF
0015:  MOVWF  08
0016:  BCF    03.5
0017:  MOVF   08,W
0018:  MOVWF  21
....................    output_b(x); 
0019:  BSF    03.5
001A:  CLRF   06
001B:  BCF    03.5
001C:  MOVF   21,W
001D:  MOVWF  06
.................... } 
001E:  BSF    03.5
001F:  GOTO   014
.................... } 
0020:  SLEEP

Configuration Fuses:
   Word  1: 3F72   HS NOWDT PUT NOPROTECT BROWNOUT NOLVP NOCPD NOWRT NODEBUG
