
ROM used: 33 (0%)
          33 (0%) including unused fragments

          0 Average locations per line
          6 Average locations per statement

RAM used: 7 (2%) at main() level
          7 (2%) worst case

Stack used: 0 worst case (out of 8 total available)

Lines Stmts  %   Files
----- ----- ---  -----
   17     6 100  projecte1.c
  282     0   0  ..\..\..\..\Program Files (x86)\PICC\devices\16F877.h
----- -----
  299     6 Total

Page ROM  %  RAM   Vol Diff  Functions:
---- --- --- ---   --- ----  ----------
0     29  88   1   125  2.2  main

Program metrics:
    Functions               1
    Statements              6
    Comments                68
    Volume (V)              125
    Difficilty (D)          2.2
    Effort to implement (E) 272
    Time to implement (T)   0 minutes
    Est Delivered Bugs (B)  0
    Cyclomatic Complexity   1
    Maintainability (MI)    127

 Segment     Used  Free
-----------  ----  ----
00000-00003     4  0  
00004-007FF    29  2015  
00800-00FFF     0  2048  
01000-017FF     0  2048  
01800-01FFF     0  2048  



