
ROM used: 145 (2%)
          145 (2%) including unused fragments

          0 Average locations per line
          11 Average locations per statement

RAM used: 16 (4%) at main() level
          17 (5%) worst case

Stack used: 2 worst case (out of 8 total available)

Lines Stmts  %   Files
----- ----- ---  -----
   34    13 100  template_rda.c
  282     0   0  ..\..\..\..\Program Files (x86)\PICC\devices\16f877.h
----- -----
  316    13 Total

Page ROM  %  RAM   Vol Diff  Functions:
---- --- --- ---   --- ----  ----------
0     22  15   1   141  3.0  serial_isr
0     40  28   1    78  1.8  MAIN
0     30  21   0   230  4.3  @const61

Program metrics:
    Functions               3
    Statements              13
    Comments                68
    Volume (V)              597
    Difficilty (D)          9.1
    Effort to implement (E) 5421
    Time to implement (T)   5 minutes
    Est Delivered Bugs (B)  0
    Cyclomatic Complexity   5
    Maintainability (MI)    164

 Segment     Used  Free
-----------  ----  ----
00000-00003     4  0  
00004-00034    49  0  
00035-007FF    92  1903  
00800-00FFF     0  2048  
01000-017FF     0  2048  
01800-01FFF     0  2048  



