
ROM used: 155 (2%)
          155 (2%) including unused fragments

          0 Average locations per line
          8 Average locations per statement

RAM used: 19 (5%) at main() level
          19 (5%) worst case

Stack used: 2 worst case (out of 8 total available)

Lines Stmts  %   Files
----- ----- ---  -----
   53    20 100  template_rtcc.c
  282     0   0  ..\..\..\..\Program Files (x86)\PICC\devices\16f877.h
----- -----
  335    20 Total

Page ROM  %  RAM   Vol Diff  Functions:
---- --- --- ---   --- ----  ----------
0     23  15   0   138  3.8  RTCC_isr
0     54  35   2   230  4.3  MAIN
0     27  17   0             @const65

Program metrics:
    Functions               2
    Statements              20
    Comments                83
    Volume (V)              445
    Difficilty (D)          7.9
    Effort to implement (E) 3524
    Time to implement (T)   3 minutes
    Est Delivered Bugs (B)  0
    Cyclomatic Complexity   4
    Maintainability (MI)    79

 Segment     Used  Free
-----------  ----  ----
00000-00003     4  0  
00004-00032    47  0  
00033-007FF   104  1893  
00800-00FFF     0  2048  
01000-017FF     0  2048  
01800-01FFF     0  2048  



